  HW3.cpp
C:\Users\do0ob\source\repos\ProgrammingLanguage\HW3\HW3\HW3.cpp(40,20): warning C4018:  '<': signed 또는 unsigned가 일치하지 않습니다.
C:\Users\do0ob\source\repos\ProgrammingLanguage\HW3\HW3\HW3.cpp(54,20): warning C4018:  '<': signed 또는 unsigned가 일치하지 않습니다.
C:\Users\do0ob\source\repos\ProgrammingLanguage\HW3\HW3\HW3.cpp(65,20): warning C4018:  '<': signed 또는 unsigned가 일치하지 않습니다.
C:\Users\do0ob\source\repos\ProgrammingLanguage\HW3\HW3\HW3.cpp(219,20): warning C4018:  '<': signed 또는 unsigned가 일치하지 않습니다.
C:\Users\do0ob\source\repos\ProgrammingLanguage\HW3\HW3\HW3.cpp(227,21): warning C4018:  '<': signed 또는 unsigned가 일치하지 않습니다.
C:\Users\do0ob\source\repos\ProgrammingLanguage\HW3\HW3\HW3.cpp(251,20): warning C4018:  '<': signed 또는 unsigned가 일치하지 않습니다.
C:\Users\do0ob\source\repos\ProgrammingLanguage\HW3\HW3\HW3.cpp(277,26): warning C4018:  '<': signed 또는 unsigned가 일치하지 않습니다.
C:\Users\do0ob\source\repos\ProgrammingLanguage\HW3\HW3\HW3.cpp(327,22): warning C4018:  '<': signed 또는 unsigned가 일치하지 않습니다.
C:\Users\do0ob\source\repos\ProgrammingLanguage\HW3\HW3\HW3.cpp(393,20): warning C4018:  '<': signed 또는 unsigned가 일치하지 않습니다.
C:\Users\do0ob\source\repos\ProgrammingLanguage\HW3\HW3\HW3.cpp(420,20): warning C4018:  '<': signed 또는 unsigned가 일치하지 않습니다.
C:\Users\do0ob\source\repos\ProgrammingLanguage\HW3\HW3\HW3.cpp(430,21): warning C4018:  '<': signed 또는 unsigned가 일치하지 않습니다.
C:\Users\do0ob\source\repos\ProgrammingLanguage\HW3\HW3\HW3.cpp(483,20): warning C4018:  '<': signed 또는 unsigned가 일치하지 않습니다.
C:\Users\do0ob\source\repos\ProgrammingLanguage\HW3\HW3\HW3.cpp(488,21): warning C4018:  '<': signed 또는 unsigned가 일치하지 않습니다.
C:\Users\do0ob\source\repos\ProgrammingLanguage\HW3\HW3\HW3.cpp(493,21): warning C4018:  '<': signed 또는 unsigned가 일치하지 않습니다.
C:\Users\do0ob\source\repos\ProgrammingLanguage\HW3\HW3\HW3.cpp(519,20): warning C4018:  '<': signed 또는 unsigned가 일치하지 않습니다.
C:\Users\do0ob\source\repos\ProgrammingLanguage\HW3\HW3\HW3.cpp(552,18): warning C4018:  '<': signed 또는 unsigned가 일치하지 않습니다.
C:\Users\do0ob\source\repos\ProgrammingLanguage\HW3\HW3\HW3.cpp(566,20): warning C4018:  '<': signed 또는 unsigned가 일치하지 않습니다.
C:\Users\do0ob\source\repos\ProgrammingLanguage\HW3\HW3\HW3.cpp(573,20): warning C4018:  '<': signed 또는 unsigned가 일치하지 않습니다.
C:\Users\do0ob\source\repos\ProgrammingLanguage\HW3\HW3\HW3.cpp(563,1): warning C4996:  'strcpy': This function or variable may be unsafe. Consider using strcpy_s instead. To disable deprecation, use _CRT_SECURE_NO_WARNINGS. See online help for details.
C:\Program Files (x86)\Windows Kits\10\Include\10.0.17763.0\ucrt\string.h(133): message :  'strcpy' 선언을 참조하십시오.
C:\Program Files (x86)\Windows Kits\10\Include\10.0.17763.0\ucrt\string.h(133): message : C:\Users\do0ob\source\repos\ProgrammingLanguage\HW3\HW3\HW3.cpp(102) : warning C4715: 'calculate': 모든 제어 경로에서 값을 반환하지는 않습니다.
C:\Program Files (x86)\Windows Kits\10\Include\10.0.17763.0\ucrt\string.h(133): message : C:\Users\do0ob\source\repos\ProgrammingLanguage\HW3\HW3\HW3.cpp(139) : warning C4715: 'postorder': 모든 제어 경로에서 값을 반환하지는 않습니다.
  HW3.vcxproj -> C:\Users\do0ob\source\repos\ProgrammingLanguage\HW3\Debug\HW3.exe
